\BOOKMARK [1][-]{section.1}{\376\377\000J\000e\000n\000k\000i\000n\000s\000\040\000I\000n\000s\000t\000a\000l\000l\000a\000t\000i\000o\000n\000\040\000\046\000\040\000B\000a\000s\000i\000c\000\040\000C\000o\000n\000f\000i\000g\000u\000r\000a\000t\000i\000o\000n}{}% 1
\BOOKMARK [2][-]{subsection.1.1}{\376\377\000O\000v\000e\000r\000v\000i\000e\000w}{section.1}% 2
\BOOKMARK [2][-]{subsection.1.2}{\376\377\000I\000n\000f\000r\000a\000s\000t\000r\000u\000c\000t\000u\000r\000e\000\040\000A\000r\000c\000h\000i\000t\000e\000c\000t\000u\000r\000e}{section.1}% 3
\BOOKMARK [2][-]{subsection.1.3}{\376\377\000S\0003\000\040\000R\000e\000m\000o\000t\000e\000\040\000S\000t\000a\000t\000e\000\040\000B\000a\000c\000k\000e\000n\000d}{section.1}% 4
\BOOKMARK [2][-]{subsection.1.4}{\376\377\000D\000y\000n\000a\000m\000o\000D\000B\000\040\000S\000t\000a\000t\000e\000\040\000L\000o\000c\000k\000i\000n\000g}{section.1}% 5
\BOOKMARK [2][-]{subsection.1.5}{\376\377\000V\000P\000C\000\040\000a\000n\000d\000\040\000N\000e\000t\000w\000o\000r\000k\000i\000n\000g}{section.1}% 6
\BOOKMARK [2][-]{subsection.1.6}{\376\377\000E\000C\0002\000\040\000I\000n\000s\000t\000a\000n\000c\000e\000s}{section.1}% 7
\BOOKMARK [2][-]{subsection.1.7}{\376\377\000S\000e\000c\000u\000r\000i\000t\000y\000\040\000G\000r\000o\000u\000p\000s}{section.1}% 8
\BOOKMARK [2][-]{subsection.1.8}{\376\377\000K\000e\000y\000\040\000P\000a\000i\000r}{section.1}% 9
\BOOKMARK [2][-]{subsection.1.9}{\376\377\000J\000e\000n\000k\000i\000n\000s\000\040\000C\000r\000e\000d\000e\000n\000t\000i\000a\000l\000\040\000C\000o\000n\000f\000i\000g\000u\000r\000a\000t\000i\000o\000n}{section.1}% 10
\BOOKMARK [2][-]{subsection.1.10}{\376\377\000P\000l\000u\000g\000i\000n\000\040\000L\000i\000s\000t}{section.1}% 11
\BOOKMARK [1][-]{section.2}{\376\377\000D\000e\000c\000l\000a\000r\000a\000t\000i\000v\000e\000\040\000P\000i\000p\000e\000l\000i\000n\000e\000\040\000w\000i\000t\000h\000\040\000P\000a\000r\000a\000l\000l\000e\000l\000\040\000S\000t\000a\000g\000e\000s\000\040\000\046\000\040\000N\000o\000t\000i\000f\000i\000c\000a\000t\000i\000o\000n\000s}{}% 12
\BOOKMARK [2][-]{subsection.2.1}{\376\377\000O\000v\000e\000r\000v\000i\000e\000w}{section.2}% 13
\BOOKMARK [2][-]{subsection.2.2}{\376\377\000P\000i\000p\000e\000l\000i\000n\000e\000\040\000S\000t\000a\000g\000e\000s}{section.2}% 14
\BOOKMARK [2][-]{subsection.2.3}{\376\377\000A\000p\000p\000l\000i\000c\000a\000t\000i\000o\000n\000\040\000C\000o\000d\000e}{section.2}% 15
\BOOKMARK [2][-]{subsection.2.4}{\376\377\000T\000e\000s\000t\000\040\000S\000u\000i\000t\000e\000\040\000S\000u\000m\000m\000a\000r\000y}{section.2}% 16
\BOOKMARK [2][-]{subsection.2.5}{\376\377\000P\000i\000p\000e\000l\000i\000n\000e\000\040\000J\000e\000n\000k\000i\000n\000s\000f\000i\000l\000e\000\040\000\050\000e\000x\000c\000e\000r\000p\000t\000\051}{section.2}% 17
\BOOKMARK [2][-]{subsection.2.6}{\376\377\000S\000l\000a\000c\000k\000\040\000N\000o\000t\000i\000f\000i\000c\000a\000t\000i\000o\000n\000\040\000\050\000p\000o\000s\000t\000\040\000b\000l\000o\000c\000k\000\051}{section.2}% 18
\BOOKMARK [1][-]{section.3}{\376\377\000G\000r\000o\000o\000v\000y\000\040\000S\000h\000a\000r\000e\000d\000\040\000L\000i\000b\000r\000a\000r\000y}{}% 19
\BOOKMARK [2][-]{subsection.3.1}{\376\377\000O\000v\000e\000r\000v\000i\000e\000w}{section.3}% 20
\BOOKMARK [2][-]{subsection.3.2}{\376\377\000L\000i\000b\000r\000a\000r\000y\000\040\000S\000t\000r\000u\000c\000t\000u\000r\000e}{section.3}% 21
\BOOKMARK [2][-]{subsection.3.3}{\376\377\000K\000e\000y\000\040\000G\000l\000o\000b\000a\000l\000\040\000V\000a\000r\000i\000a\000b\000l\000e\000s}{section.3}% 22
\BOOKMARK [3][-]{subsubsection.3.3.1}{\376\377\000n\000o\000t\000i\000f\000y\000S\000l\000a\000c\000k\000.\000g\000r\000o\000o\000v\000y}{subsection.3.3}% 23
\BOOKMARK [3][-]{subsubsection.3.3.2}{\376\377\000b\000u\000i\000l\000d\000A\000n\000d\000P\000u\000s\000h\000I\000m\000a\000g\000e\000.\000g\000r\000o\000o\000v\000y}{subsection.3.3}% 24
\BOOKMARK [2][-]{subsection.3.4}{\376\377\000L\000i\000b\000r\000a\000r\000y\000\040\000R\000e\000g\000i\000s\000t\000r\000a\000t\000i\000o\000n\000\040\000i\000n\000\040\000J\000e\000n\000k\000i\000n\000s}{section.3}% 25
\BOOKMARK [1][-]{section.4}{\376\377\000S\000o\000n\000a\000r\000Q\000u\000b\000e\000\040\000I\000n\000t\000e\000g\000r\000a\000t\000i\000o\000n}{}% 26
\BOOKMARK [2][-]{subsection.4.1}{\376\377\000O\000v\000e\000r\000v\000i\000e\000w}{section.4}% 27
\BOOKMARK [2][-]{subsection.4.2}{\376\377\000S\000o\000n\000a\000r\000Q\000u\000b\000e\000\040\000E\000C\0002\000\040\000I\000n\000f\000r\000a\000s\000t\000r\000u\000c\000t\000u\000r\000e}{section.4}% 28
\BOOKMARK [2][-]{subsection.4.3}{\376\377\000s\000o\000n\000a\000r\000-\000p\000r\000o\000j\000e\000c\000t\000.\000p\000r\000o\000p\000e\000r\000t\000i\000e\000s}{section.4}% 29
\BOOKMARK [2][-]{subsection.4.4}{\376\377\000Q\000u\000a\000l\000i\000t\000y\000\040\000G\000a\000t\000e\000\040\000C\000o\000n\000f\000i\000g\000u\000r\000a\000t\000i\000o\000n}{section.4}% 30
\BOOKMARK [2][-]{subsection.4.5}{\376\377\000S\000o\000n\000a\000r\000Q\000u\000b\000e\000\040\000W\000e\000b\000h\000o\000o\000k}{section.4}% 31
\BOOKMARK [1][-]{section.5}{\376\377\000D\000o\000c\000k\000e\000r\000\040\000B\000u\000i\000l\000d\000,\000\040\000T\000r\000i\000v\000y\000\040\000S\000c\000a\000n\000,\000\040\000E\000C\000R\000\040\000P\000u\000s\000h}{}% 32
\BOOKMARK [2][-]{subsection.5.1}{\376\377\000O\000v\000e\000r\000v\000i\000e\000w}{section.5}% 33
\BOOKMARK [2][-]{subsection.5.2}{\376\377\000M\000u\000l\000t\000i\000-\000S\000t\000a\000g\000e\000\040\000D\000o\000c\000k\000e\000r\000f\000i\000l\000e}{section.5}% 34
\BOOKMARK [2][-]{subsection.5.3}{\376\377\000E\000C\000R\000\040\000R\000e\000p\000o\000s\000i\000t\000o\000r\000y}{section.5}% 35
\BOOKMARK [2][-]{subsection.5.4}{\376\377\000T\000r\000i\000v\000y\000\040\000S\000e\000c\000u\000r\000i\000t\000y\000\040\000S\000c\000a\000n}{section.5}% 36
\BOOKMARK [2][-]{subsection.5.5}{\376\377\000I\000A\000M\000\040\000R\000o\000l\000e\000\040\000f\000o\000r\000\040\000A\000g\000e\000n\000t\000\040\000\050\000E\000C\000R\000\040\000P\000u\000s\000h\000\040\000P\000e\000r\000m\000i\000s\000s\000i\000o\000n\000s\000\051}{section.5}% 37
\BOOKMARK [1][-]{section.6}{\376\377\000T\000e\000r\000r\000a\000f\000o\000r\000m\000\040\000C\000I\000/\000C\000D\000\040\000P\000i\000p\000e\000l\000i\000n\000e}{}% 38
\BOOKMARK [2][-]{subsection.6.1}{\376\377\000O\000v\000e\000r\000v\000i\000e\000w}{section.6}% 39
\BOOKMARK [2][-]{subsection.6.2}{\376\377\000P\000i\000p\000e\000l\000i\000n\000e\000\040\000P\000a\000r\000a\000m\000e\000t\000e\000r\000s}{section.6}% 40
\BOOKMARK [2][-]{subsection.6.3}{\376\377\000I\000n\000f\000r\000a\000\040\000P\000i\000p\000e\000l\000i\000n\000e\000\040\000S\000t\000a\000g\000e\000s}{section.6}% 41
\BOOKMARK [2][-]{subsection.6.4}{\376\377\000D\000y\000n\000a\000m\000o\000D\000B\000\040\000S\000t\000a\000t\000e\000\040\000L\000o\000c\000k\000i\000n\000g}{section.6}% 42
\BOOKMARK [2][-]{subsection.6.5}{\376\377\000t\000f\000s\000e\000c\000\040\000S\000e\000c\000u\000r\000i\000t\000y\000\040\000R\000e\000p\000o\000r\000t}{section.6}% 43
\BOOKMARK [1][-]{section.7}{\376\377\000B\000l\000u\000e\000-\000G\000r\000e\000e\000n\000\040\000D\000e\000p\000l\000o\000y\000m\000e\000n\000t}{}% 44
\BOOKMARK [2][-]{subsection.7.1}{\376\377\000O\000v\000e\000r\000v\000i\000e\000w}{section.7}% 45
\BOOKMARK [2][-]{subsection.7.2}{\376\377\000I\000n\000f\000r\000a\000s\000t\000r\000u\000c\000t\000u\000r\000e\000\040\000A\000r\000c\000h\000i\000t\000e\000c\000t\000u\000r\000e}{section.7}% 46
\BOOKMARK [2][-]{subsection.7.3}{\376\377\000B\000l\000u\000e\000-\000G\000r\000e\000e\000n\000\040\000D\000e\000p\000l\000o\000y\000\040\000S\000c\000r\000i\000p\000t\000\040\000L\000o\000g\000i\000c}{section.7}% 47
\BOOKMARK [2][-]{subsection.7.4}{\376\377\000R\000o\000l\000l\000b\000a\000c\000k\000\040\000P\000i\000p\000e\000l\000i\000n\000e}{section.7}% 48
\BOOKMARK [2][-]{subsection.7.5}{\376\377\000S\0003\000\040\000D\000e\000p\000l\000o\000y\000\040\000L\000o\000g\000\040\000E\000x\000a\000m\000p\000l\000e}{section.7}% 49
\BOOKMARK [2][-]{subsection.7.6}{\376\377\000A\000r\000c\000h\000i\000t\000e\000c\000t\000u\000r\000e\000\040\000D\000i\000a\000g\000r\000a\000m}{section.7}% 50
\BOOKMARK [1][-]{figure.caption.26}{\376\377\000O\000b\000s\000e\000r\000v\000a\000b\000i\000l\000i\000t\000y\000\040\000\050\000B\000o\000n\000u\000s\000\051}{}% 51
\BOOKMARK [1][-]{lstnumber.7.16}{\376\377\000C\000o\000n\000c\000l\000u\000s\000i\000o\000n}{}% 52
\BOOKMARK [1][-]{lstnumber.7.16}{\376\377\000R\000e\000f\000e\000r\000e\000n\000c\000e\000s}{}% 53
